<?xml version="1.0" encoding="UTF-8"?>
<!-- Generated by org.testng.reporters.JUnitReportReporter -->
<testsuite hostname="DESKTOP-KIN1R8R" failures="0" tests="4" name="com.MVN.Hackathon_Team6.ZigWheels_UsedCars" time="112.153" errors="0" timestamp="2020-05-25T20:27:19 IST" skipped="0">
  <testcase classname="com.MVN.Hackathon_Team6.ZigWheels_UsedCars" name="googleLogin" time="56.466"/>
  <system-out/>
  <testcase classname="com.MVN.Hackathon_Team6.ZigWheels_UsedCars" name="search" time="28.139"/>
  <system-out/>
  <testcase classname="com.MVN.Hackathon_Team6.ZigWheels_UsedCars" name="usedCars" time="17.559"/>
  <system-out/>
  <testcase classname="com.MVN.Hackathon_Team6.ZigWheels_UsedCars" name="logout" time="9.989"/>
  <system-out/>
</testsuite> <!-- com.MVN.Hackathon_Team6.ZigWheels_UsedCars -->
